{
  "RSpec": {
    "coverage": {
      "/Users/student/projects/week-4/Bookmark_manager/spec/features/view_bookmarks_spec.rb": [
        1,
        1,
        1,
        null,
        1,
        1,
        1,
        null,
        null
      ],
      "/Users/student/projects/week-4/Bookmark_manager/spec/features/view_homepage_spec.rb": [
        1,
        1,
        1,
        1,
        1,
        null,
        null
      ],
      "/Users/student/projects/week-4/Bookmark_manager/lib/bookmark.rb": [
        1,
        null
      ],
      "/Users/student/projects/week-4/Bookmark_manager/spec/units/bookmark_spec.rb": [
        1,
        1,
        null,
        1,
        1,
        0,
        0,
        null,
        null,
        null,
        null
      ]
    },
    "timestamp": 1560783597
  }
}
