{
  "RSpec": {
    "coverage": {
      "/Users/benscott/Projects/week_4/MB-bookmark/Bookmark_manager/spec/features/add_new_bookmark_spec.rb": [
        1,
        1,
        1,
        1,
        1,
        null,
        1,
        null,
        null
      ],
      "/Users/benscott/Projects/week_4/MB-bookmark/Bookmark_manager/spec/features/view_bookmarks_spec.rb": [
        1,
        1,
        1,
        1,
        1,
        null,
        1,
        1,
        1,
        1,
        null,
        null
      ],
      "/Users/benscott/Projects/week_4/MB-bookmark/Bookmark_manager/spec/features/view_homepage_spec.rb": [
        1,
        1,
        1,
        1,
        null,
        null
      ],
      "/Users/benscott/Projects/week_4/MB-bookmark/Bookmark_manager/spec/units/bookmark_spec.rb": [
        1,
        null,
        1,
        null,
        1,
        1,
        1,
        null,
        1,
        1,
        1,
        null,
        null,
        1,
        1,
        1,
        1,
        null,
        null,
        null,
        1,
        1,
        1,
        null,
        1,
        null,
        null,
        null
      ]
    },
    "timestamp": 1560871665
  }
}
